Started GET "/" for ::1 at 2017-03-14 12:48:31 -0400
  [1m[36mActiveRecord::SchemaMigration Load (0.6ms)[0m  [1m[34mSELECT "schema_migrations".* FROM "schema_migrations"[0m
Processing by WelcomeController#index as HTML
  [1m[36mAccount Load (1.2ms)[0m  [1m[34mSELECT  "accounts".* FROM "accounts" WHERE "accounts"."id" = $1 LIMIT $2[0m  [["id", 18], ["LIMIT", 1]]
  Rendering welcome/index.html.erb within layouts/application
  [1m[36mListing Load (0.6ms)[0m  [1m[34mSELECT "listings".* FROM "listings"[0m
  [1m[36mAccount Load (0.3ms)[0m  [1m[34mSELECT  "accounts".* FROM "accounts" WHERE "accounts"."id" = $1 LIMIT $2[0m  [["id", 1], ["LIMIT", 1]]
  [1m[36mAccount Load (0.5ms)[0m  [1m[34mSELECT  "accounts".* FROM "accounts" WHERE "accounts"."id" = $1 LIMIT $2[0m  [["id", 5], ["LIMIT", 1]]
  [1m[36mAccount Load (0.3ms)[0m  [1m[34mSELECT  "accounts".* FROM "accounts" WHERE "accounts"."id" = $1 LIMIT $2[0m  [["id", 6], ["LIMIT", 1]]
  [1m[36mAccount Load (0.3ms)[0m  [1m[34mSELECT  "accounts".* FROM "accounts" WHERE "accounts"."id" = $1 LIMIT $2[0m  [["id", 6], ["LIMIT", 1]]
  [1m[36mAccount Load (0.3ms)[0m  [1m[34mSELECT  "accounts".* FROM "accounts" WHERE "accounts"."id" = $1 LIMIT $2[0m  [["id", 6], ["LIMIT", 1]]
  [1m[36mAccount Load (0.2ms)[0m  [1m[34mSELECT  "accounts".* FROM "accounts" WHERE "accounts"."id" = $1 LIMIT $2[0m  [["id", 6], ["LIMIT", 1]]
  [1m[36mAccount Load (0.1ms)[0m  [1m[34mSELECT  "accounts".* FROM "accounts" WHERE "accounts"."id" = $1 LIMIT $2[0m  [["id", 1], ["LIMIT", 1]]
  [1m[36mAccount Load (0.2ms)[0m  [1m[34mSELECT  "accounts".* FROM "accounts" WHERE "accounts"."id" = $1 LIMIT $2[0m  [["id", 1], ["LIMIT", 1]]
  [1m[36mAccount Load (0.2ms)[0m  [1m[34mSELECT  "accounts".* FROM "accounts" WHERE "accounts"."id" = $1 LIMIT $2[0m  [["id", 1], ["LIMIT", 1]]
  [1m[36mAccount Load (0.2ms)[0m  [1m[34mSELECT  "accounts".* FROM "accounts" WHERE "accounts"."id" = $1 LIMIT $2[0m  [["id", 2], ["LIMIT", 1]]
  [1m[36mAccount Load (0.2ms)[0m  [1m[34mSELECT  "accounts".* FROM "accounts" WHERE "accounts"."id" = $1 LIMIT $2[0m  [["id", 3], ["LIMIT", 1]]
  [1m[36mAccount Load (0.2ms)[0m  [1m[34mSELECT  "accounts".* FROM "accounts" WHERE "accounts"."id" = $1 LIMIT $2[0m  [["id", 3], ["LIMIT", 1]]
  [1m[36mAccount Load (0.1ms)[0m  [1m[34mSELECT  "accounts".* FROM "accounts" WHERE "accounts"."id" = $1 LIMIT $2[0m  [["id", 4], ["LIMIT", 1]]
  [1m[36mAccount Load (0.2ms)[0m  [1m[34mSELECT  "accounts".* FROM "accounts" WHERE "accounts"."id" = $1 LIMIT $2[0m  [["id", 4], ["LIMIT", 1]]
  [1m[36mAccount Load (0.2ms)[0m  [1m[34mSELECT  "accounts".* FROM "accounts" WHERE "accounts"."id" = $1 LIMIT $2[0m  [["id", 5], ["LIMIT", 1]]
  [1m[36mAccount Load (0.2ms)[0m  [1m[34mSELECT  "accounts".* FROM "accounts" WHERE "accounts"."id" = $1 LIMIT $2[0m  [["id", 6], ["LIMIT", 1]]
  [1m[36mAccount Load (0.3ms)[0m  [1m[34mSELECT  "accounts".* FROM "accounts" WHERE "accounts"."id" = $1 LIMIT $2[0m  [["id", 6], ["LIMIT", 1]]
  [1m[36mAccount Load (0.2ms)[0m  [1m[34mSELECT  "accounts".* FROM "accounts" WHERE "accounts"."id" = $1 LIMIT $2[0m  [["id", 7], ["LIMIT", 1]]
  [1m[36mAccount Load (0.2ms)[0m  [1m[34mSELECT  "accounts".* FROM "accounts" WHERE "accounts"."id" = $1 LIMIT $2[0m  [["id", 7], ["LIMIT", 1]]
  [1m[36mAccount Load (0.2ms)[0m  [1m[34mSELECT  "accounts".* FROM "accounts" WHERE "accounts"."id" = $1 LIMIT $2[0m  [["id", 7], ["LIMIT", 1]]
  [1m[36mAccount Load (0.2ms)[0m  [1m[34mSELECT  "accounts".* FROM "accounts" WHERE "accounts"."id" = $1 LIMIT $2[0m  [["id", 7], ["LIMIT", 1]]
  [1m[36mAccount Load (0.2ms)[0m  [1m[34mSELECT  "accounts".* FROM "accounts" WHERE "accounts"."id" = $1 LIMIT $2[0m  [["id", 8], ["LIMIT", 1]]
  [1m[36mAccount Load (0.1ms)[0m  [1m[34mSELECT  "accounts".* FROM "accounts" WHERE "accounts"."id" = $1 LIMIT $2[0m  [["id", 8], ["LIMIT", 1]]
  [1m[36mAccount Load (0.2ms)[0m  [1m[34mSELECT  "accounts".* FROM "accounts" WHERE "accounts"."id" = $1 LIMIT $2[0m  [["id", 8], ["LIMIT", 1]]
  [1m[36mAccount Load (0.2ms)[0m  [1m[34mSELECT  "accounts".* FROM "accounts" WHERE "accounts"."id" = $1 LIMIT $2[0m  [["id", 4], ["LIMIT", 1]]
  [1m[36mAccount Load (0.2ms)[0m  [1m[34mSELECT  "accounts".* FROM "accounts" WHERE "accounts"."id" = $1 LIMIT $2[0m  [["id", 15], ["LIMIT", 1]]
  [1m[36mAccount Load (0.1ms)[0m  [1m[34mSELECT  "accounts".* FROM "accounts" WHERE "accounts"."id" = $1 LIMIT $2[0m  [["id", 6], ["LIMIT", 1]]
  [1m[36mAccount Load (0.3ms)[0m  [1m[34mSELECT  "accounts".* FROM "accounts" WHERE "accounts"."id" = $1 LIMIT $2[0m  [["id", 16], ["LIMIT", 1]]
  [1m[36mAccount Load (0.5ms)[0m  [1m[34mSELECT  "accounts".* FROM "accounts" WHERE "accounts"."id" = $1 LIMIT $2[0m  [["id", 16], ["LIMIT", 1]]
  [1m[36mAccount Load (0.2ms)[0m  [1m[34mSELECT  "accounts".* FROM "accounts" WHERE "accounts"."id" = $1 LIMIT $2[0m  [["id", 19], ["LIMIT", 1]]
  [1m[36mAccount Load (0.3ms)[0m  [1m[34mSELECT  "accounts".* FROM "accounts" WHERE "accounts"."id" = $1 LIMIT $2[0m  [["id", 18], ["LIMIT", 1]]
  Rendered welcome/index.html.erb within layouts/application (82.6ms)
  Rendered layouts/_search_bar.html.erb (0.7ms)
  Rendered layouts/_navbar.html.erb (3.0ms)
Completed 200 OK in 436ms (Views: 382.2ms | ActiveRecord: 17.4ms)


Started GET "/" for ::1 at 2017-03-14 12:48:37 -0400
Processing by WelcomeController#index as HTML
  [1m[36mAccount Load (0.8ms)[0m  [1m[34mSELECT  "accounts".* FROM "accounts" WHERE "accounts"."id" = $1 LIMIT $2[0m  [["id", 18], ["LIMIT", 1]]
  Rendering welcome/index.html.erb within layouts/application
  [1m[36mListing Load (0.5ms)[0m  [1m[34mSELECT "listings".* FROM "listings"[0m
  [1m[36mAccount Load (0.3ms)[0m  [1m[34mSELECT  "accounts".* FROM "accounts" WHERE "accounts"."id" = $1 LIMIT $2[0m  [["id", 1], ["LIMIT", 1]]
  [1m[36mAccount Load (0.2ms)[0m  [1m[34mSELECT  "accounts".* FROM "accounts" WHERE "accounts"."id" = $1 LIMIT $2[0m  [["id", 5], ["LIMIT", 1]]
  [1m[36mAccount Load (0.4ms)[0m  [1m[34mSELECT  "accounts".* FROM "accounts" WHERE "accounts"."id" = $1 LIMIT $2[0m  [["id", 6], ["LIMIT", 1]]
  [1m[36mCACHE (0.0ms)[0m  [1m[34mSELECT  "accounts".* FROM "accounts" WHERE "accounts"."id" = $1 LIMIT $2[0m  [["id", 6], ["LIMIT", 1]]
  [1m[36mCACHE (0.0ms)[0m  [1m[34mSELECT  "accounts".* FROM "accounts" WHERE "accounts"."id" = $1 LIMIT $2[0m  [["id", 6], ["LIMIT", 1]]
  [1m[36mCACHE (0.0ms)[0m  [1m[34mSELECT  "accounts".* FROM "accounts" WHERE "accounts"."id" = $1 LIMIT $2[0m  [["id", 6], ["LIMIT", 1]]
  [1m[36mCACHE (0.0ms)[0m  [1m[34mSELECT  "accounts".* FROM "accounts" WHERE "accounts"."id" = $1 LIMIT $2[0m  [["id", 1], ["LIMIT", 1]]
  [1m[36mCACHE (0.0ms)[0m  [1m[34mSELECT  "accounts".* FROM "accounts" WHERE "accounts"."id" = $1 LIMIT $2[0m  [["id", 1], ["LIMIT", 1]]
  [1m[36mCACHE (0.0ms)[0m  [1m[34mSELECT  "accounts".* FROM "accounts" WHERE "accounts"."id" = $1 LIMIT $2[0m  [["id", 1], ["LIMIT", 1]]
  [1m[36mAccount Load (0.3ms)[0m  [1m[34mSELECT  "accounts".* FROM "accounts" WHERE "accounts"."id" = $1 LIMIT $2[0m  [["id", 2], ["LIMIT", 1]]
  [1m[36mAccount Load (0.3ms)[0m  [1m[34mSELECT  "accounts".* FROM "accounts" WHERE "accounts"."id" = $1 LIMIT $2[0m  [["id", 3], ["LIMIT", 1]]
  [1m[36mCACHE (0.0ms)[0m  [1m[34mSELECT  "accounts".* FROM "accounts" WHERE "accounts"."id" = $1 LIMIT $2[0m  [["id", 3], ["LIMIT", 1]]
  [1m[36mAccount Load (0.3ms)[0m  [1m[34mSELECT  "accounts".* FROM "accounts" WHERE "accounts"."id" = $1 LIMIT $2[0m  [["id", 4], ["LIMIT", 1]]
  [1m[36mCACHE (0.0ms)[0m  [1m[34mSELECT  "accounts".* FROM "accounts" WHERE "accounts"."id" = $1 LIMIT $2[0m  [["id", 4], ["LIMIT", 1]]
  [1m[36mCACHE (0.0ms)[0m  [1m[34mSELECT  "accounts".* FROM "accounts" WHERE "accounts"."id" = $1 LIMIT $2[0m  [["id", 5], ["LIMIT", 1]]
  [1m[36mCACHE (0.0ms)[0m  [1m[34mSELECT  "accounts".* FROM "accounts" WHERE "accounts"."id" = $1 LIMIT $2[0m  [["id", 6], ["LIMIT", 1]]
  [1m[36mCACHE (0.0ms)[0m  [1m[34mSELECT  "accounts".* FROM "accounts" WHERE "accounts"."id" = $1 LIMIT $2[0m  [["id", 6], ["LIMIT", 1]]
  [1m[36mAccount Load (0.2ms)[0m  [1m[34mSELECT  "accounts".* FROM "accounts" WHERE "accounts"."id" = $1 LIMIT $2[0m  [["id", 7], ["LIMIT", 1]]
  [1m[36mCACHE (0.0ms)[0m  [1m[34mSELECT  "accounts".* FROM "accounts" WHERE "accounts"."id" = $1 LIMIT $2[0m  [["id", 7], ["LIMIT", 1]]
  [1m[36mCACHE (0.0ms)[0m  [1m[34mSELECT  "accounts".* FROM "accounts" WHERE "accounts"."id" = $1 LIMIT $2[0m  [["id", 7], ["LIMIT", 1]]
  [1m[36mCACHE (0.0ms)[0m  [1m[34mSELECT  "accounts".* FROM "accounts" WHERE "accounts"."id" = $1 LIMIT $2[0m  [["id", 7], ["LIMIT", 1]]
  [1m[36mAccount Load (0.3ms)[0m  [1m[34mSELECT  "accounts".* FROM "accounts" WHERE "accounts"."id" = $1 LIMIT $2[0m  [["id", 8], ["LIMIT", 1]]
  [1m[36mCACHE (0.0ms)[0m  [1m[34mSELECT  "accounts".* FROM "accounts" WHERE "accounts"."id" = $1 LIMIT $2[0m  [["id", 8], ["LIMIT", 1]]
  [1m[36mCACHE (0.0ms)[0m  [1m[34mSELECT  "accounts".* FROM "accounts" WHERE "accounts"."id" = $1 LIMIT $2[0m  [["id", 8], ["LIMIT", 1]]
  [1m[36mCACHE (0.0ms)[0m  [1m[34mSELECT  "accounts".* FROM "accounts" WHERE "accounts"."id" = $1 LIMIT $2[0m  [["id", 4], ["LIMIT", 1]]
  [1m[36mAccount Load (0.2ms)[0m  [1m[34mSELECT  "accounts".* FROM "accounts" WHERE "accounts"."id" = $1 LIMIT $2[0m  [["id", 15], ["LIMIT", 1]]
  [1m[36mCACHE (0.0ms)[0m  [1m[34mSELECT  "accounts".* FROM "accounts" WHERE "accounts"."id" = $1 LIMIT $2[0m  [["id", 6], ["LIMIT", 1]]
  [1m[36mAccount Load (0.8ms)[0m  [1m[34mSELECT  "accounts".* FROM "accounts" WHERE "accounts"."id" = $1 LIMIT $2[0m  [["id", 16], ["LIMIT", 1]]
  [1m[36mCACHE (0.0ms)[0m  [1m[34mSELECT  "accounts".* FROM "accounts" WHERE "accounts"."id" = $1 LIMIT $2[0m  [["id", 16], ["LIMIT", 1]]
  [1m[36mAccount Load (0.2ms)[0m  [1m[34mSELECT  "accounts".* FROM "accounts" WHERE "accounts"."id" = $1 LIMIT $2[0m  [["id", 19], ["LIMIT", 1]]
  [1m[36mCACHE (0.0ms)[0m  [1m[34mSELECT  "accounts".* FROM "accounts" WHERE "accounts"."id" = $1 LIMIT $2[0m  [["id", 18], ["LIMIT", 1]]
  Rendered welcome/index.html.erb within layouts/application (38.0ms)
  Rendered layouts/_search_bar.html.erb (0.5ms)
  Rendered layouts/_navbar.html.erb (2.3ms)
Completed 200 OK in 85ms (Views: 77.5ms | ActiveRecord: 5.4ms)


Started GET "/" for ::1 at 2017-03-14 12:48:40 -0400
Processing by WelcomeController#index as HTML
  [1m[36mAccount Load (0.3ms)[0m  [1m[34mSELECT  "accounts".* FROM "accounts" WHERE "accounts"."id" = $1 LIMIT $2[0m  [["id", 18], ["LIMIT", 1]]
  Rendering welcome/index.html.erb within layouts/application
  [1m[36mListing Load (0.5ms)[0m  [1m[34mSELECT "listings".* FROM "listings"[0m
  [1m[36mAccount Load (0.2ms)[0m  [1m[34mSELECT  "accounts".* FROM "accounts" WHERE "accounts"."id" = $1 LIMIT $2[0m  [["id", 1], ["LIMIT", 1]]
  [1m[36mAccount Load (0.2ms)[0m  [1m[34mSELECT  "accounts".* FROM "accounts" WHERE "accounts"."id" = $1 LIMIT $2[0m  [["id", 5], ["LIMIT", 1]]
  [1m[36mAccount Load (0.2ms)[0m  [1m[34mSELECT  "accounts".* FROM "accounts" WHERE "accounts"."id" = $1 LIMIT $2[0m  [["id", 6], ["LIMIT", 1]]
  [1m[36mCACHE (0.0ms)[0m  [1m[34mSELECT  "accounts".* FROM "accounts" WHERE "accounts"."id" = $1 LIMIT $2[0m  [["id", 6], ["LIMIT", 1]]
  [1m[36mCACHE (0.0ms)[0m  [1m[34mSELECT  "accounts".* FROM "accounts" WHERE "accounts"."id" = $1 LIMIT $2[0m  [["id", 6], ["LIMIT", 1]]
  [1m[36mCACHE (0.0ms)[0m  [1m[34mSELECT  "accounts".* FROM "accounts" WHERE "accounts"."id" = $1 LIMIT $2[0m  [["id", 6], ["LIMIT", 1]]
  [1m[36mCACHE (0.0ms)[0m  [1m[34mSELECT  "accounts".* FROM "accounts" WHERE "accounts"."id" = $1 LIMIT $2[0m  [["id", 1], ["LIMIT", 1]]
  [1m[36mCACHE (0.0ms)[0m  [1m[34mSELECT  "accounts".* FROM "accounts" WHERE "accounts"."id" = $1 LIMIT $2[0m  [["id", 1], ["LIMIT", 1]]
  [1m[36mCACHE (0.0ms)[0m  [1m[34mSELECT  "accounts".* FROM "accounts" WHERE "accounts"."id" = $1 LIMIT $2[0m  [["id", 1], ["LIMIT", 1]]
  [1m[36mAccount Load (0.4ms)[0m  [1m[34mSELECT  "accounts".* FROM "accounts" WHERE "accounts"."id" = $1 LIMIT $2[0m  [["id", 2], ["LIMIT", 1]]
  [1m[36mAccount Load (0.3ms)[0m  [1m[34mSELECT  "accounts".* FROM "accounts" WHERE "accounts"."id" = $1 LIMIT $2[0m  [["id", 3], ["LIMIT", 1]]
  [1m[36mCACHE (0.0ms)[0m  [1m[34mSELECT  "accounts".* FROM "accounts" WHERE "accounts"."id" = $1 LIMIT $2[0m  [["id", 3], ["LIMIT", 1]]
  [1m[36mAccount Load (0.2ms)[0m  [1m[34mSELECT  "accounts".* FROM "accounts" WHERE "accounts"."id" = $1 LIMIT $2[0m  [["id", 4], ["LIMIT", 1]]
  [1m[36mCACHE (0.0ms)[0m  [1m[34mSELECT  "accounts".* FROM "accounts" WHERE "accounts"."id" = $1 LIMIT $2[0m  [["id", 4], ["LIMIT", 1]]
  [1m[36mCACHE (0.0ms)[0m  [1m[34mSELECT  "accounts".* FROM "accounts" WHERE "accounts"."id" = $1 LIMIT $2[0m  [["id", 5], ["LIMIT", 1]]
  [1m[36mCACHE (0.0ms)[0m  [1m[34mSELECT  "accounts".* FROM "accounts" WHERE "accounts"."id" = $1 LIMIT $2[0m  [["id", 6], ["LIMIT", 1]]
  [1m[36mCACHE (0.0ms)[0m  [1m[34mSELECT  "accounts".* FROM "accounts" WHERE "accounts"."id" = $1 LIMIT $2[0m  [["id", 6], ["LIMIT", 1]]
  [1m[36mAccount Load (0.2ms)[0m  [1m[34mSELECT  "accounts".* FROM "accounts" WHERE "accounts"."id" = $1 LIMIT $2[0m  [["id", 7], ["LIMIT", 1]]
  [1m[36mCACHE (0.0ms)[0m  [1m[34mSELECT  "accounts".* FROM "accounts" WHERE "accounts"."id" = $1 LIMIT $2[0m  [["id", 7], ["LIMIT", 1]]
  [1m[36mCACHE (0.0ms)[0m  [1m[34mSELECT  "accounts".* FROM "accounts" WHERE "accounts"."id" = $1 LIMIT $2[0m  [["id", 7], ["LIMIT", 1]]
  [1m[36mCACHE (0.0ms)[0m  [1m[34mSELECT  "accounts".* FROM "accounts" WHERE "accounts"."id" = $1 LIMIT $2[0m  [["id", 7], ["LIMIT", 1]]
  [1m[36mAccount Load (0.2ms)[0m  [1m[34mSELECT  "accounts".* FROM "accounts" WHERE "accounts"."id" = $1 LIMIT $2[0m  [["id", 8], ["LIMIT", 1]]
  [1m[36mCACHE (0.0ms)[0m  [1m[34mSELECT  "accounts".* FROM "accounts" WHERE "accounts"."id" = $1 LIMIT $2[0m  [["id", 8], ["LIMIT", 1]]
  [1m[36mCACHE (0.0ms)[0m  [1m[34mSELECT  "accounts".* FROM "accounts" WHERE "accounts"."id" = $1 LIMIT $2[0m  [["id", 8], ["LIMIT", 1]]
  [1m[36mCACHE (0.0ms)[0m  [1m[34mSELECT  "accounts".* FROM "accounts" WHERE "accounts"."id" = $1 LIMIT $2[0m  [["id", 4], ["LIMIT", 1]]
  [1m[36mAccount Load (0.2ms)[0m  [1m[34mSELECT  "accounts".* FROM "accounts" WHERE "accounts"."id" = $1 LIMIT $2[0m  [["id", 15], ["LIMIT", 1]]
  [1m[36mCACHE (0.0ms)[0m  [1m[34mSELECT  "accounts".* FROM "accounts" WHERE "accounts"."id" = $1 LIMIT $2[0m  [["id", 6], ["LIMIT", 1]]
  [1m[36mAccount Load (0.2ms)[0m  [1m[34mSELECT  "accounts".* FROM "accounts" WHERE "accounts"."id" = $1 LIMIT $2[0m  [["id", 16], ["LIMIT", 1]]
  [1m[36mCACHE (0.0ms)[0m  [1m[34mSELECT  "accounts".* FROM "accounts" WHERE "accounts"."id" = $1 LIMIT $2[0m  [["id", 16], ["LIMIT", 1]]
  [1m[36mAccount Load (0.2ms)[0m  [1m[34mSELECT  "accounts".* FROM "accounts" WHERE "accounts"."id" = $1 LIMIT $2[0m  [["id", 19], ["LIMIT", 1]]
  [1m[36mCACHE (0.0ms)[0m  [1m[34mSELECT  "accounts".* FROM "accounts" WHERE "accounts"."id" = $1 LIMIT $2[0m  [["id", 18], ["LIMIT", 1]]
  Rendered welcome/index.html.erb within layouts/application (67.2ms)
  Rendered layouts/_search_bar.html.erb (0.8ms)
  Rendered layouts/_navbar.html.erb (2.9ms)
Completed 200 OK in 124ms (Views: 117.6ms | ActiveRecord: 3.6ms)


Started GET "/accounts/19/listings/30" for ::1 at 2017-03-14 12:50:25 -0400
Processing by ListingsController#show as HTML
  Parameters: {"account_id"=>"19", "id"=>"30"}
  [1m[36mListing Load (0.9ms)[0m  [1m[34mSELECT "listings".* FROM "listings" WHERE "listings"."id" = $1[0m  [["id", 30]]
  [1m[36mAccount Load (0.2ms)[0m  [1m[34mSELECT  "accounts".* FROM "accounts" WHERE "accounts"."id" = $1 LIMIT $2[0m  [["id", 19], ["LIMIT", 1]]
  [1m[36mAccount Load (0.2ms)[0m  [1m[34mSELECT  "accounts".* FROM "accounts" WHERE "accounts"."id" = $1 LIMIT $2[0m  [["id", 18], ["LIMIT", 1]]
  Rendering listings/show.html.erb within layouts/application
  Rendered listings/show.html.erb within layouts/application (1.7ms)
Completed 500 Internal Server Error in 26ms (ActiveRecord: 9.5ms)


  
SyntaxError (/Users/Bram/Development/Bizaar/bizaar/app/views/listings/show.html.erb:32: syntax error, unexpected keyword_do_block
...st', action: "accept_offer", do @output_buffer.safe_append=' 
...                               ^
/Users/Bram/Development/Bizaar/bizaar/app/views/listings/show.html.erb:41: syntax error, unexpected keyword_ensure, expecting end-of-input):
  
app/views/listings/show.html.erb:32: syntax error, unexpected keyword_do_block
app/views/listings/show.html.erb:41: syntax error, unexpected keyword_ensure, expecting end-of-input
  Rendering /Users/Bram/.rvm/gems/ruby-2.3.3/gems/actionpack-5.0.2/lib/action_dispatch/middleware/templates/rescues/diagnostics.html.erb within rescues/layout
  Rendering /Users/Bram/.rvm/gems/ruby-2.3.3/gems/actionpack-5.0.2/lib/action_dispatch/middleware/templates/rescues/_source.html.erb
  Rendered /Users/Bram/.rvm/gems/ruby-2.3.3/gems/actionpack-5.0.2/lib/action_dispatch/middleware/templates/rescues/_source.html.erb (3.5ms)
  Rendering /Users/Bram/.rvm/gems/ruby-2.3.3/gems/actionpack-5.0.2/lib/action_dispatch/middleware/templates/rescues/_trace.html.erb
  Rendered /Users/Bram/.rvm/gems/ruby-2.3.3/gems/actionpack-5.0.2/lib/action_dispatch/middleware/templates/rescues/_trace.html.erb (2.2ms)
  Rendering /Users/Bram/.rvm/gems/ruby-2.3.3/gems/actionpack-5.0.2/lib/action_dispatch/middleware/templates/rescues/_request_and_response.html.erb
  Rendered /Users/Bram/.rvm/gems/ruby-2.3.3/gems/actionpack-5.0.2/lib/action_dispatch/middleware/templates/rescues/_request_and_response.html.erb (1.0ms)
  Rendered /Users/Bram/.rvm/gems/ruby-2.3.3/gems/actionpack-5.0.2/lib/action_dispatch/middleware/templates/rescues/diagnostics.html.erb within rescues/layout (58.4ms)
Started GET "/accounts/19/listings/30" for ::1 at 2017-03-14 12:50:37 -0400
Processing by ListingsController#show as HTML
  Parameters: {"account_id"=>"19", "id"=>"30"}
  [1m[36mListing Load (0.8ms)[0m  [1m[34mSELECT "listings".* FROM "listings" WHERE "listings"."id" = $1[0m  [["id", 30]]
  [1m[36mAccount Load (0.2ms)[0m  [1m[34mSELECT  "accounts".* FROM "accounts" WHERE "accounts"."id" = $1 LIMIT $2[0m  [["id", 19], ["LIMIT", 1]]
  [1m[36mAccount Load (0.2ms)[0m  [1m[34mSELECT  "accounts".* FROM "accounts" WHERE "accounts"."id" = $1 LIMIT $2[0m  [["id", 18], ["LIMIT", 1]]
  Rendering listings/show.html.erb within layouts/application
  Rendered listings/show.html.erb within layouts/application (1.0ms)
Completed 500 Internal Server Error in 11ms (ActiveRecord: 1.1ms)


  
SyntaxError (/Users/Bram/Development/Bizaar/bizaar/app/views/listings/show.html.erb:32: syntax error, unexpected keyword_do_block
...st', action: "accept_offer", do @output_buffer.safe_append=' 
...                               ^
/Users/Bram/Development/Bizaar/bizaar/app/views/listings/show.html.erb:41: syntax error, unexpected keyword_ensure, expecting end-of-input):
  
app/views/listings/show.html.erb:32: syntax error, unexpected keyword_do_block
app/views/listings/show.html.erb:41: syntax error, unexpected keyword_ensure, expecting end-of-input
  Rendering /Users/Bram/.rvm/gems/ruby-2.3.3/gems/actionpack-5.0.2/lib/action_dispatch/middleware/templates/rescues/diagnostics.html.erb within rescues/layout
  Rendering /Users/Bram/.rvm/gems/ruby-2.3.3/gems/actionpack-5.0.2/lib/action_dispatch/middleware/templates/rescues/_source.html.erb
  Rendered /Users/Bram/.rvm/gems/ruby-2.3.3/gems/actionpack-5.0.2/lib/action_dispatch/middleware/templates/rescues/_source.html.erb (4.1ms)
  Rendering /Users/Bram/.rvm/gems/ruby-2.3.3/gems/actionpack-5.0.2/lib/action_dispatch/middleware/templates/rescues/_trace.html.erb
  Rendered /Users/Bram/.rvm/gems/ruby-2.3.3/gems/actionpack-5.0.2/lib/action_dispatch/middleware/templates/rescues/_trace.html.erb (1.6ms)
  Rendering /Users/Bram/.rvm/gems/ruby-2.3.3/gems/actionpack-5.0.2/lib/action_dispatch/middleware/templates/rescues/_request_and_response.html.erb
  Rendered /Users/Bram/.rvm/gems/ruby-2.3.3/gems/actionpack-5.0.2/lib/action_dispatch/middleware/templates/rescues/_request_and_response.html.erb (0.8ms)
  Rendered /Users/Bram/.rvm/gems/ruby-2.3.3/gems/actionpack-5.0.2/lib/action_dispatch/middleware/templates/rescues/diagnostics.html.erb within rescues/layout (56.7ms)
Started GET "/accounts/19/listings/30" for ::1 at 2017-03-14 12:50:46 -0400
Processing by ListingsController#show as HTML
  Parameters: {"account_id"=>"19", "id"=>"30"}
  [1m[36mListing Load (1.3ms)[0m  [1m[34mSELECT "listings".* FROM "listings" WHERE "listings"."id" = $1[0m  [["id", 30]]
  [1m[36mAccount Load (0.2ms)[0m  [1m[34mSELECT  "accounts".* FROM "accounts" WHERE "accounts"."id" = $1 LIMIT $2[0m  [["id", 19], ["LIMIT", 1]]
  [1m[36mAccount Load (0.2ms)[0m  [1m[34mSELECT  "accounts".* FROM "accounts" WHERE "accounts"."id" = $1 LIMIT $2[0m  [["id", 18], ["LIMIT", 1]]
  Rendering listings/show.html.erb within layouts/application
  Rendered listings/show.html.erb within layouts/application (1.7ms)
Completed 500 Internal Server Error in 13ms (ActiveRecord: 1.7ms)


  
SyntaxError (/Users/Bram/Development/Bizaar/bizaar/app/views/listings/show.html.erb:32: syntax error, unexpected keyword_do_block
...st', action: "accept_offer", do @output_buffer.safe_append=' 
...                               ^
/Users/Bram/Development/Bizaar/bizaar/app/views/listings/show.html.erb:41: syntax error, unexpected keyword_ensure, expecting end-of-input):
  
app/views/listings/show.html.erb:32: syntax error, unexpected keyword_do_block
app/views/listings/show.html.erb:41: syntax error, unexpected keyword_ensure, expecting end-of-input
  Rendering /Users/Bram/.rvm/gems/ruby-2.3.3/gems/actionpack-5.0.2/lib/action_dispatch/middleware/templates/rescues/diagnostics.html.erb within rescues/layout
  Rendering /Users/Bram/.rvm/gems/ruby-2.3.3/gems/actionpack-5.0.2/lib/action_dispatch/middleware/templates/rescues/_source.html.erb
  Rendered /Users/Bram/.rvm/gems/ruby-2.3.3/gems/actionpack-5.0.2/lib/action_dispatch/middleware/templates/rescues/_source.html.erb (4.9ms)
  Rendering /Users/Bram/.rvm/gems/ruby-2.3.3/gems/actionpack-5.0.2/lib/action_dispatch/middleware/templates/rescues/_trace.html.erb
  Rendered /Users/Bram/.rvm/gems/ruby-2.3.3/gems/actionpack-5.0.2/lib/action_dispatch/middleware/templates/rescues/_trace.html.erb (1.6ms)
  Rendering /Users/Bram/.rvm/gems/ruby-2.3.3/gems/actionpack-5.0.2/lib/action_dispatch/middleware/templates/rescues/_request_and_response.html.erb
  Rendered /Users/Bram/.rvm/gems/ruby-2.3.3/gems/actionpack-5.0.2/lib/action_dispatch/middleware/templates/rescues/_request_and_response.html.erb (0.8ms)
  Rendered /Users/Bram/.rvm/gems/ruby-2.3.3/gems/actionpack-5.0.2/lib/action_dispatch/middleware/templates/rescues/diagnostics.html.erb within rescues/layout (64.4ms)
Started GET "/accounts/19/listings/30" for ::1 at 2017-03-14 12:50:51 -0400
Processing by ListingsController#show as HTML
  Parameters: {"account_id"=>"19", "id"=>"30"}
  [1m[36mListing Load (0.5ms)[0m  [1m[34mSELECT "listings".* FROM "listings" WHERE "listings"."id" = $1[0m  [["id", 30]]
  [1m[36mAccount Load (0.2ms)[0m  [1m[34mSELECT  "accounts".* FROM "accounts" WHERE "accounts"."id" = $1 LIMIT $2[0m  [["id", 19], ["LIMIT", 1]]
  [1m[36mAccount Load (0.2ms)[0m  [1m[34mSELECT  "accounts".* FROM "accounts" WHERE "accounts"."id" = $1 LIMIT $2[0m  [["id", 18], ["LIMIT", 1]]
  Rendering listings/show.html.erb within layouts/application
  Rendered listings/show.html.erb within layouts/application (1.5ms)
Completed 500 Internal Server Error in 11ms (ActiveRecord: 0.9ms)


  
SyntaxError (/Users/Bram/Development/Bizaar/bizaar/app/views/listings/show.html.erb:32: syntax error, unexpected keyword_do_block
...st', action: "accept_offer", do @output_buffer.safe_append=' 
...                               ^
/Users/Bram/Development/Bizaar/bizaar/app/views/listings/show.html.erb:41: syntax error, unexpected keyword_ensure, expecting end-of-input):
  
app/views/listings/show.html.erb:32: syntax error, unexpected keyword_do_block
app/views/listings/show.html.erb:41: syntax error, unexpected keyword_ensure, expecting end-of-input
  Rendering /Users/Bram/.rvm/gems/ruby-2.3.3/gems/actionpack-5.0.2/lib/action_dispatch/middleware/templates/rescues/diagnostics.html.erb within rescues/layout
  Rendering /Users/Bram/.rvm/gems/ruby-2.3.3/gems/actionpack-5.0.2/lib/action_dispatch/middleware/templates/rescues/_source.html.erb
  Rendered /Users/Bram/.rvm/gems/ruby-2.3.3/gems/actionpack-5.0.2/lib/action_dispatch/middleware/templates/rescues/_source.html.erb (10.0ms)
  Rendering /Users/Bram/.rvm/gems/ruby-2.3.3/gems/actionpack-5.0.2/lib/action_dispatch/middleware/templates/rescues/_trace.html.erb
  Rendered /Users/Bram/.rvm/gems/ruby-2.3.3/gems/actionpack-5.0.2/lib/action_dispatch/middleware/templates/rescues/_trace.html.erb (1.8ms)
  Rendering /Users/Bram/.rvm/gems/ruby-2.3.3/gems/actionpack-5.0.2/lib/action_dispatch/middleware/templates/rescues/_request_and_response.html.erb
  Rendered /Users/Bram/.rvm/gems/ruby-2.3.3/gems/actionpack-5.0.2/lib/action_dispatch/middleware/templates/rescues/_request_and_response.html.erb (0.8ms)
  Rendered /Users/Bram/.rvm/gems/ruby-2.3.3/gems/actionpack-5.0.2/lib/action_dispatch/middleware/templates/rescues/diagnostics.html.erb within rescues/layout (60.0ms)
